<?xml version="1.0" encoding="UTF-8"?>
<coverage generated="1583749058748" clover="3.2.0">
  <project timestamp="1583749058748" name="All files">
    <metrics statements="27" coveredstatements="26" conditionals="12" coveredconditionals="11" methods="4" coveredmethods="4" elements="43" coveredelements="41" complexity="0" loc="27" ncloc="27" packages="2" files="2" classes="2"/>
    <package name="src">
      <metrics statements="8" coveredstatements="8" conditionals="0" coveredconditionals="0" methods="1" coveredmethods="1"/>
      <file name="index.js" path="/home/vova/SecondProject/frontend-project-lvl2/src/index.js">
        <metrics statements="8" coveredstatements="8" conditionals="0" coveredconditionals="0" methods="1" coveredmethods="1"/>
        <line num="7" count="1" type="stmt"/>
        <line num="8" count="1" type="stmt"/>
        <line num="9" count="1" type="stmt"/>
        <line num="11" count="1" type="stmt"/>
        <line num="12" count="1" type="stmt"/>
        <line num="14" count="1" type="stmt"/>
        <line num="15" count="1" type="stmt"/>
        <line num="16" count="1" type="stmt"/>
      </file>
    </package>
    <package name="src.modules">
      <metrics statements="19" coveredstatements="18" conditionals="12" coveredconditionals="11" methods="3" coveredmethods="3"/>
      <file name="genDiff.js" path="/home/vova/SecondProject/frontend-project-lvl2/src/modules/genDiff.js">
        <metrics statements="19" coveredstatements="18" conditionals="12" coveredconditionals="11" methods="3" coveredmethods="3"/>
        <line num="4" count="2" type="stmt"/>
        <line num="5" count="34" type="stmt"/>
        <line num="6" count="34" type="cond" truecount="4" falsecount="0"/>
        <line num="7" count="20" type="stmt"/>
        <line num="9" count="14" type="stmt"/>
        <line num="11" count="2" type="stmt"/>
        <line num="12" count="2" type="stmt"/>
        <line num="13" count="2" type="stmt"/>
        <line num="16" count="2" type="stmt"/>
        <line num="19" count="2" type="stmt"/>
        <line num="20" count="12" type="stmt"/>
        <line num="21" count="12" type="cond" truecount="4" falsecount="0"/>
        <line num="22" count="2" type="stmt"/>
        <line num="24" count="10" type="cond" truecount="2" falsecount="0"/>
        <line num="25" count="6" type="stmt"/>
        <line num="27" count="4" type="cond" truecount="1" falsecount="1"/>
        <line num="28" count="4" type="stmt"/>
        <line num="30" count="0" type="stmt"/>
        <line num="32" count="2" type="stmt"/>
      </file>
    </package>
  </project>
</coverage>
