{"/home/vova/SecondProject/frontend-project-lvl2/src/index.js": {"path":"/home/vova/SecondProject/frontend-project-lvl2/src/index.js","statementMap":{"0":{"start":{"line":7,"column":21},"end":{"line":17,"column":1}},"1":{"start":{"line":8,"column":28},"end":{"line":8,"column":70}},"2":{"start":{"line":9,"column":28},"end":{"line":9,"column":71}},"3":{"start":{"line":11,"column":20},"end":{"line":11,"column":54}},"4":{"start":{"line":12,"column":20},"end":{"line":12,"column":54}},"5":{"start":{"line":14,"column":19},"end":{"line":14,"column":40}},"6":{"start":{"line":15,"column":19},"end":{"line":15,"column":40}},"7":{"start":{"line":16,"column":2},"end":{"line":16,"column":37}}},"fnMap":{"0":{"name":"(anonymous_0)","decl":{"start":{"line":7,"column":21},"end":{"line":7,"column":22}},"loc":{"start":{"line":7,"column":56},"end":{"line":17,"column":1}},"line":7}},"branchMap":{},"s":{"0":1,"1":1,"2":1,"3":1,"4":1,"5":1,"6":1,"7":1},"f":{"0":1},"b":{},"_coverageSchema":"1a1c01bbd47fc00a2c39e90264f33305004495a9","hash":"06cbde18fb6bda8dc0f963e30f3d685c1daf2886"}
,"/home/vova/SecondProject/frontend-project-lvl2/src/modules/genDiff.js": {"path":"/home/vova/SecondProject/frontend-project-lvl2/src/modules/genDiff.js","statementMap":{"0":{"start":{"line":4,"column":13},"end":{"line":10,"column":1}},"1":{"start":{"line":5,"column":23},"end":{"line":5,"column":30}},"2":{"start":{"line":6,"column":2},"end":{"line":8,"column":3}},"3":{"start":{"line":7,"column":4},"end":{"line":7,"column":16}},"4":{"start":{"line":9,"column":2},"end":{"line":9,"column":15}},"5":{"start":{"line":11,"column":16},"end":{"line":33,"column":1}},"6":{"start":{"line":12,"column":20},"end":{"line":12,"column":44}},"7":{"start":{"line":13,"column":20},"end":{"line":13,"column":44}},"8":{"start":{"line":16,"column":24},"end":{"line":16,"column":75}},"9":{"start":{"line":19,"column":17},"end":{"line":31,"column":15}},"10":{"start":{"line":20,"column":25},"end":{"line":20,"column":27}},"11":{"start":{"line":21,"column":4},"end":{"line":23,"column":5}},"12":{"start":{"line":22,"column":6},"end":{"line":22,"column":34}},"13":{"start":{"line":24,"column":4},"end":{"line":26,"column":5}},"14":{"start":{"line":25,"column":6},"end":{"line":25,"column":34}},"15":{"start":{"line":27,"column":4},"end":{"line":29,"column":5}},"16":{"start":{"line":28,"column":6},"end":{"line":28,"column":34}},"17":{"start":{"line":30,"column":4},"end":{"line":30,"column":30}},"18":{"start":{"line":32,"column":2},"end":{"line":32,"column":21}}},"fnMap":{"0":{"name":"(anonymous_0)","decl":{"start":{"line":4,"column":13},"end":{"line":4,"column":14}},"loc":{"start":{"line":4,"column":31},"end":{"line":10,"column":1}},"line":4},"1":{"name":"(anonymous_1)","decl":{"start":{"line":11,"column":16},"end":{"line":11,"column":17}},"loc":{"start":{"line":11,"column":40},"end":{"line":33,"column":1}},"line":11},"2":{"name":"(anonymous_2)","decl":{"start":{"line":19,"column":35},"end":{"line":19,"column":36}},"loc":{"start":{"line":19,"column":43},"end":{"line":31,"column":3}},"line":19}},"branchMap":{"0":{"loc":{"start":{"line":6,"column":2},"end":{"line":8,"column":3}},"type":"if","locations":[{"start":{"line":6,"column":2},"end":{"line":8,"column":3}},{"start":{"line":6,"column":2},"end":{"line":8,"column":3}}],"line":6},"1":{"loc":{"start":{"line":6,"column":6},"end":{"line":6,"column":43}},"type":"binary-expr","locations":[{"start":{"line":6,"column":6},"end":{"line":6,"column":21}},{"start":{"line":6,"column":25},"end":{"line":6,"column":43}}],"line":6},"2":{"loc":{"start":{"line":21,"column":4},"end":{"line":23,"column":5}},"type":"if","locations":[{"start":{"line":21,"column":4},"end":{"line":23,"column":5}},{"start":{"line":21,"column":4},"end":{"line":23,"column":5}}],"line":21},"3":{"loc":{"start":{"line":21,"column":8},"end":{"line":21,"column":48}},"type":"binary-expr","locations":[{"start":{"line":21,"column":8},"end":{"line":21,"column":26}},{"start":{"line":21,"column":30},"end":{"line":21,"column":48}}],"line":21},"4":{"loc":{"start":{"line":24,"column":4},"end":{"line":26,"column":5}},"type":"if","locations":[{"start":{"line":24,"column":4},"end":{"line":26,"column":5}},{"start":{"line":24,"column":4},"end":{"line":26,"column":5}}],"line":24},"5":{"loc":{"start":{"line":27,"column":4},"end":{"line":29,"column":5}},"type":"if","locations":[{"start":{"line":27,"column":4},"end":{"line":29,"column":5}},{"start":{"line":27,"column":4},"end":{"line":29,"column":5}}],"line":27}},"s":{"0":2,"1":34,"2":34,"3":20,"4":14,"5":2,"6":2,"7":2,"8":2,"9":2,"10":12,"11":12,"12":2,"13":10,"14":6,"15":4,"16":4,"17":0,"18":2},"f":{"0":34,"1":2,"2":12},"b":{"0":[20,14],"1":[34,26],"2":[2,10],"3":[12,8],"4":[6,4],"5":[4,0]},"_coverageSchema":"1a1c01bbd47fc00a2c39e90264f33305004495a9","hash":"6c9b68a287f8a6017cf76a4be47a401bcf65529a"}
}
