TN:
SF:src/index.js
FN:7,(anonymous_0)
FNF:1
FNH:1
FNDA:1,(anonymous_0)
DA:7,1
DA:8,1
DA:9,1
DA:11,1
DA:12,1
DA:14,1
DA:15,1
DA:16,1
LF:8
LH:8
BRF:0
BRH:0
end_of_record
TN:
SF:src/modules/genDiff.js
FN:4,(anonymous_0)
FN:11,(anonymous_1)
FN:19,(anonymous_2)
FNF:3
FNH:3
FNDA:34,(anonymous_0)
FNDA:2,(anonymous_1)
FNDA:12,(anonymous_2)
DA:4,2
DA:5,34
DA:6,34
DA:7,20
DA:9,14
DA:11,2
DA:12,2
DA:13,2
DA:16,2
DA:19,2
DA:20,12
DA:21,12
DA:22,2
DA:24,10
DA:25,6
DA:27,4
DA:28,4
DA:30,0
DA:32,2
LF:19
LH:18
BRDA:6,0,0,20
BRDA:6,0,1,14
BRDA:6,1,0,34
BRDA:6,1,1,26
BRDA:21,2,0,2
BRDA:21,2,1,10
BRDA:21,3,0,12
BRDA:21,3,1,8
BRDA:24,4,0,6
BRDA:24,4,1,4
BRDA:27,5,0,4
BRDA:27,5,1,0
BRF:12
BRH:11
end_of_record
